INFO  Start processing
WARN  Since caching is turned on, the `relative_link` option in Hexo `_config.yml` is set to `false` to avoid potential hazards.
INFO  Hexo is running at http://localhost:4000 . Press Ctrl+C to stop.
INFO  neat the html: /root/3207754367.github.io/themes/next/layout/_partials/head/head.swig [ 12.09% saved]
INFO  neat the html: /root/3207754367.github.io/themes/next/layout/_third-party/analytics/index.swig [ 100.00% saved]
INFO  neat the html: /root/3207754367.github.io/themes/next/layout/_scripts/noscript.swig [ 15.94% saved]
INFO  neat the html: /root/3207754367.github.io/themes/next/layout/_partials/header/brand.swig [ 14.83% saved]
INFO  neat the html: /root/3207754367.github.io/themes/next/layout/_partials/header/menu.swig [ 15.27% saved]
INFO  neat the html: /root/3207754367.github.io/themes/next/layout/_partials/search/index.swig [ 13.92% saved]
INFO  neat the html: /root/3207754367.github.io/themes/next/layout/_partials/widgets.swig [ 17.20% saved]
INFO  neat the html: /root/3207754367.github.io/themes/next/layout/inject/postBodyEnd/custom.swig [ 23.03% saved]
INFO  neat the html: /root/3207754367.github.io/themes/next/layout/_partials/post/post-reward.swig [ 3.13% saved]
INFO  neat the html: /root/3207754367.github.io/themes/next/layout/_partials/post/post-copyright.swig [ 7.14% saved]
INFO  neat the html: /root/3207754367.github.io/themes/next/layout/_partials/post/post-footer.swig [ 100.00% saved]
INFO  neat the html: /root/3207754367.github.io/themes/next/layout/_macro/post.swig [ 12.78% saved]
INFO  neat the html: /root/3207754367.github.io/themes/next/layout/inject/comment/gitalk.swig [ 0.00% saved]
INFO  neat the html: /root/3207754367.github.io/themes/next/layout/_partials/sidebar/site-overview.swig [ 17.48% saved]
INFO  neat the html: /root/3207754367.github.io/themes/next/layout/inject/footer/custom.swig [ 0.71% saved]
INFO  neat the html: /root/3207754367.github.io/themes/next/layout/_partials/footer.swig [ 18.47% saved]
INFO  neat the html: /root/3207754367.github.io/themes/next/layout/_third-party/statistics/index.swig [ 14.07% saved]
INFO  neat the html: /root/3207754367.github.io/themes/next/layout/_scripts/index.swig [ 1.76% saved]
INFO  neat the html: /root/3207754367.github.io/themes/next/layout/_third-party/index.swig [ 9.09% saved]
INFO  neat the html: /root/3207754367.github.io/themes/next/layout/inject/bodyEnd/gitalk.swig [ 0.85% saved]
INFO  neat the html: /root/3207754367.github.io/themes/next/layout/post.swig [ 8.01% saved]
INFO  neat the css: /root/3207754367.github.io/themes/next/source/css/main.styl [ 17.94% saved]
INFO  neat the css: /root/3207754367.github.io/themes/next/source/css/main.styl [ 17.94% saved]
